{"/Users/sepp/dev/http-ok/src/http_ok.js":{"path":"/Users/sepp/dev/http-ok/src/http_ok.js","s":{"1":1,"2":1,"3":11,"4":6,"5":6,"6":6,"7":5,"8":5,"9":5,"10":22,"11":22,"12":0,"13":0,"14":11,"15":11,"16":11,"17":9,"18":5,"19":1,"20":5,"21":4,"22":11,"23":2,"24":11,"25":5,"26":11,"27":1,"28":1,"29":1,"30":1,"31":1,"32":1,"33":1,"34":1,"35":0,"36":1},"b":{"1":[22,0],"2":[0,0],"3":[5,4],"4":[5,6]},"f":{"1":11,"2":6,"3":5,"4":22,"5":11,"6":1},"fnMap":{"1":{"name":"(anonymous_1)","line":5,"loc":{"start":{"line":5,"column":12},"end":{"line":5,"column":28}}},"2":{"name":"(anonymous_2)","line":9,"loc":{"start":{"line":9,"column":5},"end":{"line":9,"column":48}}},"3":{"name":"(anonymous_3)","line":15,"loc":{"start":{"line":15,"column":5},"end":{"line":15,"column":58}}},"4":{"name":"(anonymous_4)","line":21,"loc":{"start":{"line":21,"column":20},"end":{"line":21,"column":37}}},"5":{"name":"(anonymous_5)","line":34,"loc":{"start":{"line":34,"column":8},"end":{"line":34,"column":61}}},"6":{"name":"(anonymous_6)","line":56,"loc":{"start":{"line":56,"column":9},"end":{"line":56,"column":20}}}},"statementMap":{"1":{"start":{"line":1,"column":0},"end":{"line":1,"column":29}},"2":{"start":{"line":2,"column":0},"end":{"line":2,"column":27}},"3":{"start":{"line":6,"column":4},"end":{"line":6,"column":23}},"4":{"start":{"line":10,"column":2},"end":{"line":10,"column":72}},"5":{"start":{"line":11,"column":2},"end":{"line":11,"column":38}},"6":{"start":{"line":12,"column":2},"end":{"line":12,"column":75}},"7":{"start":{"line":16,"column":2},"end":{"line":16,"column":72}},"8":{"start":{"line":17,"column":2},"end":{"line":17,"column":39}},"9":{"start":{"line":18,"column":2},"end":{"line":18,"column":74}},"10":{"start":{"line":22,"column":2},"end":{"line":24,"column":3}},"11":{"start":{"line":23,"column":3},"end":{"line":23,"column":25}},"12":{"start":{"line":26,"column":2},"end":{"line":26,"column":43}},"13":{"start":{"line":27,"column":2},"end":{"line":31,"column":4}},"14":{"start":{"line":35,"column":2},"end":{"line":35,"column":72}},"15":{"start":{"line":37,"column":2},"end":{"line":53,"column":5}},"16":{"start":{"line":38,"column":3},"end":{"line":45,"column":7}},"17":{"start":{"line":39,"column":5},"end":{"line":44,"column":6}},"18":{"start":{"line":40,"column":6},"end":{"line":40,"column":52}},"19":{"start":{"line":40,"column":28},"end":{"line":40,"column":51}},"20":{"start":{"line":41,"column":6},"end":{"line":41,"column":24}},"21":{"start":{"line":43,"column":6},"end":{"line":43,"column":23}},"22":{"start":{"line":46,"column":4},"end":{"line":48,"column":7}},"23":{"start":{"line":47,"column":5},"end":{"line":47,"column":19}},"24":{"start":{"line":49,"column":4},"end":{"line":51,"column":5}},"25":{"start":{"line":50,"column":5},"end":{"line":50,"column":29}},"26":{"start":{"line":52,"column":4},"end":{"line":52,"column":18}},"27":{"start":{"line":57,"column":2},"end":{"line":67,"column":5}},"28":{"start":{"line":58,"column":4},"end":{"line":58,"column":33}},"29":{"start":{"line":59,"column":4},"end":{"line":59,"column":18}},"30":{"start":{"line":60,"column":4},"end":{"line":62,"column":7}},"31":{"start":{"line":61,"column":5},"end":{"line":61,"column":19}},"32":{"start":{"line":63,"column":4},"end":{"line":65,"column":7}},"33":{"start":{"line":64,"column":5},"end":{"line":64,"column":19}},"34":{"start":{"line":66,"column":4},"end":{"line":66,"column":45}},"35":{"start":{"line":66,"column":32},"end":{"line":66,"column":43}},"36":{"start":{"line":71,"column":0},"end":{"line":71,"column":24}}},"branchMap":{"1":{"line":22,"type":"if","locations":[{"start":{"line":22,"column":2},"end":{"line":22,"column":2}},{"start":{"line":22,"column":2},"end":{"line":22,"column":2}}]},"2":{"line":29,"type":"cond-expr","locations":[{"start":{"line":29,"column":23},"end":{"line":29,"column":34}},{"start":{"line":29,"column":37},"end":{"line":29,"column":39}}]},"3":{"line":39,"type":"if","locations":[{"start":{"line":39,"column":5},"end":{"line":39,"column":5}},{"start":{"line":39,"column":5},"end":{"line":39,"column":5}}]},"4":{"line":49,"type":"if","locations":[{"start":{"line":49,"column":4},"end":{"line":49,"column":4}},{"start":{"line":49,"column":4},"end":{"line":49,"column":4}}]}}}}