TN:
SF:/Users/sepp/dev/http-ok/src/http_ok.js
FN:5,(anonymous_1)
FN:9,(anonymous_2)
FN:15,(anonymous_3)
FN:21,(anonymous_4)
FN:34,(anonymous_5)
FN:56,(anonymous_6)
FNF:6
FNH:6
FNDA:12,(anonymous_1)
FNDA:7,(anonymous_2)
FNDA:5,(anonymous_3)
FNDA:24,(anonymous_4)
FNDA:12,(anonymous_5)
FNDA:1,(anonymous_6)
DA:1,1
DA:2,1
DA:6,12
DA:10,7
DA:11,7
DA:12,7
DA:16,5
DA:17,5
DA:18,5
DA:22,24
DA:23,24
DA:26,0
DA:27,0
DA:35,12
DA:37,12
DA:38,12
DA:39,10
DA:40,5
DA:41,5
DA:43,5
DA:46,12
DA:47,2
DA:49,12
DA:50,5
DA:52,12
DA:57,1
DA:58,1
DA:59,1
DA:60,1
DA:61,1
DA:63,1
DA:64,1
DA:66,1
DA:71,1
LF:34
LH:32
BRDA:22,1,0,24
BRDA:22,1,1,0
BRDA:29,2,0,0
BRDA:29,2,1,0
BRDA:39,3,0,5
BRDA:39,3,1,5
BRDA:49,4,0,5
BRDA:49,4,1,7
BRF:8
BRH:5
end_of_record
